2017-03-29 07:30:47 WARN User 0 attempted unauthorized operation admin_page
2017-03-29 07:50:41 WARN User 0 attempted unauthorized operation edit_todo
2017-03-29 07:50:45 WARN User 0 attempted unauthorized operation edit_todo
2017-03-29 07:51:43 WARN User 49 attempted unauthorized operation edit_todo
2017-03-29 07:56:20 WARN User 49 attempted unauthorized operation edit_todo
2017-03-29 08:15:27 WARN User 49 attempted unauthorized operation edit_todo
2017-04-04 03:50:34 WARN User 54 attempted unauthorized operation delete_todo
2017-04-04 03:52:00 WARN User 54 attempted unauthorized operation delete_todo
2017-04-04 04:10:41 WARN User 49 attempted unauthorized operation.
2017-04-04 04:10:42 WARN User 49 attempted unauthorized operation.
2017-04-04 04:10:49 WARN User 49 attempted unauthorized operation.
2017-04-04 04:17:37 WARN User 49 attempted unauthorized operation.
2017-04-04 04:19:25 WARN User 49 attempted unauthorized operation.
2017-04-04 04:19:54 WARN User 49 attempted unauthorized operation.
2017-04-04 04:46:49 WARN User 49 attempted unauthorized operation.
2017-04-04 04:47:09 WARN User 49 attempted unauthorized operation.
2017-04-04 04:47:12 WARN User 49 attempted unauthorized operation.
2017-04-04 04:47:15 WARN User 49 attempted unauthorized operation.
2017-04-04 04:47:28 WARN User 51 attempted unauthorized operation.
2017-04-04 04:47:33 WARN User 51 attempted unauthorized operation.
2017-04-04 04:48:38 WARN User 49 attempted unauthorized operation.
2017-04-04 04:48:41 WARN User 49 attempted unauthorized operation.
2017-04-04 04:48:43 WARN User 49 attempted unauthorized operation.
2017-04-04 05:03:25 WARN User 49 attempted unauthorized operation.
2017-04-04 05:03:42 WARN User 49 attempted unauthorized operation.
2017-04-04 05:04:06 WARN User 49 attempted unauthorized operation.
2017-04-04 05:04:09 WARN User 49 attempted unauthorized operation.
2017-04-04 06:33:56 WARN User 51 attempted unauthorized operation.
2017-04-04 06:34:12 WARN User 52 attempted unauthorized operation.
2017-04-04 06:37:23 WARN User 50 attempted unauthorized operation.
2017-04-04 06:37:35 WARN User 50 attempted unauthorized operation.
2017-04-04 07:04:21 WARN User 49 attempted unauthorized operation.
2017-04-04 07:04:33 WARN User 52 attempted unauthorized operation.
2017-04-04 07:13:05 WARN User 49 attempted unauthorized operation.
2017-04-04 08:16:06 WARN User  attempted unauthorized operation.
2017-04-04 19:07:06 WARN User 58 attempted unauthorized operation answer_delete
2017-04-04 19:09:27 WARN User 30 attempted unauthorized operation.
2017-04-04 19:09:39 WARN User 34 attempted unauthorized operation.
2017-04-04 19:10:31 WARN User 50 attempted unauthorized operation.
2017-04-04 19:11:09 WARN User  attempted unauthorized operation.
2017-04-04 19:11:55 WARN User  attempted unauthorized operation.
2017-04-04 19:18:00 WARN User 49 attempted unauthorized operation.
2017-04-04 19:19:34 WARN User 50 attempted unauthorized operation.
2017-04-04 19:21:02 WARN User 49 attempted unauthorized operation.
2017-04-04 19:23:46 WARN User 52 attempted unauthorized operation.
2017-04-04 19:24:24 WARN User 1 attempted unauthorized operation.
2017-04-04 21:40:48 INFO Creating tables
2017-04-04 21:55:27 INFO Creating tables
2017-04-04 21:57:35 INFO Creating tables
2017-04-04 21:58:19 INFO Creating tables
2017-04-04 22:02:08 INFO Creating tables
2017-04-04 22:04:46 INFO Creating tables
2017-04-04 22:04:46 INFO Creating default permissions for the Users group
2017-04-04 22:06:22 INFO Creating tables
2017-04-04 22:06:22 INFO Creating default permissions for the Users group
2017-04-04 22:13:42 INFO Creating tables
2017-04-04 22:13:43 INFO Creating default permissions for the Users group
2017-04-04 22:18:14 INFO Creating tables
2017-04-04 22:18:14 INFO Creating default Users group.
2017-04-04 22:20:44 INFO Creating tables
2017-04-04 22:20:44 INFO Creating default Users group permissions.
2017-04-04 22:20:44 INFO Creating default Editors group permissions.
2017-04-04 22:22:35 INFO Creating tables
2017-04-04 22:22:35 INFO Creating default Users group permissions.
2017-04-04 22:22:35 INFO Creating default Editors group permissions.
2017-04-04 22:22:35 INFO Creating default Admin group permissions.
2017-04-04 22:29:09 INFO Creating tables
2017-04-04 22:29:09 INFO Creating default Users group permissions.
2017-04-04 22:29:09 INFO Creating default Editors group permissions.
2017-04-04 22:29:09 INFO Creating default Admin group permissions.
2017-04-04 22:41:22 INFO Creating tables
2017-04-04 22:41:22 INFO Creating default Users group permissions.
2017-04-04 22:41:22 INFO Creating default Editors group permissions.
2017-04-04 22:41:22 INFO Creating default Admin group permissions.
2017-04-04 22:41:23 INFO Creating default super user.
2017-04-04 22:41:59 INFO Creating tables
2017-04-04 22:41:59 INFO Creating default Users group permissions.
2017-04-04 22:41:59 INFO Creating default Editors group permissions.
2017-04-04 22:41:59 INFO Creating default Admin group permissions.
2017-04-04 22:41:59 INFO Creating default super user.
2017-04-04 22:44:49 INFO Creating tables
2017-04-04 22:44:49 INFO Creating default Users group permissions.
2017-04-04 22:44:49 INFO Creating default Editors group permissions.
2017-04-04 22:44:49 INFO Creating default Admin group permissions.
2017-04-04 22:44:49 INFO Creating default super user.
2017-04-04 22:49:07 INFO Creating tables
2017-04-04 22:49:07 INFO Creating default Users group permissions.
2017-04-04 22:49:07 INFO Creating default Editors group permissions.
2017-04-04 22:49:07 INFO Creating default Admin group permissions.
2017-04-04 22:49:07 INFO Creating default super user.
2017-04-04 22:52:28 WARN User 1 attempted unauthorized operation.
2017-04-04 23:23:33 WARN User 0 attempted unauthorized operation admin_page
2017-04-08 07:55:15 WARN User 49 attempted unauthorized operation.
2017-04-08 07:55:47 WARN User 49 attempted unauthorized operation.
2017-04-08 07:56:05 WARN User 49 attempted unauthorized operation.
2017-04-08 07:56:09 WARN User 49 attempted unauthorized operation.
2017-04-08 07:56:18 WARN User 49 attempted unauthorized operation.
2017-04-08 07:57:21 WARN User 52 attempted unauthorized operation.
